c:\users\isn017\source\repos\517apple\offerbook\offerbook\02 赋值运算符函数\debug\vc142.pdb
c:\users\isn017\source\repos\517apple\offerbook\offerbook\02 赋值运算符函数\debug\vc142.idb
c:\users\isn017\source\repos\517apple\offerbook\offerbook\02 赋值运算符函数\debug\赋值运算符函数.obj
c:\users\isn017\source\repos\517apple\offerbook\offerbook\debug\02 赋值运算符函数.pdb
c:\users\isn017\source\repos\517apple\offerbook\offerbook\02 赋值运算符函数\debug\02 赋值运算符函数.tlog\cl.command.1.tlog
c:\users\isn017\source\repos\517apple\offerbook\offerbook\02 赋值运算符函数\debug\02 赋值运算符函数.tlog\cl.read.1.tlog
c:\users\isn017\source\repos\517apple\offerbook\offerbook\02 赋值运算符函数\debug\02 赋值运算符函数.tlog\cl.write.1.tlog
c:\users\isn017\source\repos\517apple\offerbook\offerbook\02 赋值运算符函数\debug\02 赋值运算符函数.tlog\link-cvtres.read.1.tlog
c:\users\isn017\source\repos\517apple\offerbook\offerbook\02 赋值运算符函数\debug\02 赋值运算符函数.tlog\link-cvtres.write.1.tlog
c:\users\isn017\source\repos\517apple\offerbook\offerbook\02 赋值运算符函数\debug\02 赋值运算符函数.tlog\link-rc.read.1.tlog
c:\users\isn017\source\repos\517apple\offerbook\offerbook\02 赋值运算符函数\debug\02 赋值运算符函数.tlog\link-rc.write.1.tlog
c:\users\isn017\source\repos\517apple\offerbook\offerbook\02 赋值运算符函数\debug\02 赋值运算符函数.tlog\link.10616-cvtres.read.1.tlog
c:\users\isn017\source\repos\517apple\offerbook\offerbook\02 赋值运算符函数\debug\02 赋值运算符函数.tlog\link.10616-cvtres.write.1.tlog
c:\users\isn017\source\repos\517apple\offerbook\offerbook\02 赋值运算符函数\debug\02 赋值运算符函数.tlog\link.10616-rc.read.1.tlog
c:\users\isn017\source\repos\517apple\offerbook\offerbook\02 赋值运算符函数\debug\02 赋值运算符函数.tlog\link.10616-rc.write.1.tlog
c:\users\isn017\source\repos\517apple\offerbook\offerbook\02 赋值运算符函数\debug\02 赋值运算符函数.tlog\link.10616.read.1.tlog
c:\users\isn017\source\repos\517apple\offerbook\offerbook\02 赋值运算符函数\debug\02 赋值运算符函数.tlog\link.10616.write.1.tlog
c:\users\isn017\source\repos\517apple\offerbook\offerbook\02 赋值运算符函数\debug\02 赋值运算符函数.tlog\link.command.1.tlog
c:\users\isn017\source\repos\517apple\offerbook\offerbook\02 赋值运算符函数\debug\02 赋值运算符函数.tlog\link.read.1.tlog
c:\users\isn017\source\repos\517apple\offerbook\offerbook\02 赋值运算符函数\debug\02 赋值运算符函数.tlog\link.write.1.tlog
